app/build/intermediates/manifest_merge_blame_file/debug/manifest-merger-blame-debug-report.txt
1<?xml version="1.0" encoding="utf-8"?>
2<manifest xmlns:android="http://schemas.android.com/apk/res/android"
3    package="com.example.myapplication"
4    android:versionCode="1"
5    android:versionName="1.0" >
6
7    <uses-sdk
8        android:minSdkVersion="24"
8-->src\main\AndroidManifest.xml
9        android:targetSdkVersion="33" />
9-->src\main\AndroidManifest.xml
10
11    <application
11-->src\main\AndroidManifest.xml:5:5-26:19
12        android:allowBackup="true"
12-->src\main\AndroidManifest.xml:6:9-35
13        android:appComponentFactory="androidx.core.app.CoreComponentFactory"
13-->[androidx.core:core:1.8.0] AndroidManifest.xml:24:18-86
14        android:dataExtractionRules="@xml/data_extraction_rules"
14-->src\main\AndroidManifest.xml:7:9-65
15        android:debuggable="true"
16        android:extractNativeLibs="false"
17        android:fullBackupContent="@xml/backup_rules"
17-->src\main\AndroidManifest.xml:8:9-54
18        android:icon="@mipmap/ic_launcher"
18-->src\main\AndroidManifest.xml:9:9-43
19        android:label="@string/app_name"
19-->src\main\AndroidManifest.xml:10:9-41
20        android:roundIcon="@mipmap/ic_launcher_round"
20-->src\main\AndroidManifest.xml:11:9-54
21        android:supportsRtl="true"
21-->src\main\AndroidManifest.xml:12:9-35
22        android:testOnly="true"
23        android:theme="@style/Theme.MyApplication" >
23-->src\main\AndroidManifest.xml:13:9-51
24        <activity
24-->src\main\AndroidManifest.xml:15:9-25:20
25            android:name="com.example.myapplication.MainActivity"
25-->src\main\AndroidManifest.xml:16:13-41
26            android:exported="true"
26-->src\main\AndroidManifest.xml:17:13-36
27            android:label="@string/app_name"
27-->src\main\AndroidManifest.xml:18:13-45
28            android:theme="@style/Theme.MyApplication" >
28-->src\main\AndroidManifest.xml:19:13-55
29            <intent-filter>
29-->src\main\AndroidManifest.xml:20:13-24:29
30                <action android:name="android.intent.action.MAIN" />
30-->src\main\AndroidManifest.xml:21:17-69
30-->src\main\AndroidManifest.xml:21:25-66
31
32                <category android:name="android.intent.category.LAUNCHER" />
32-->src\main\AndroidManifest.xml:23:17-77
32-->src\main\AndroidManifest.xml:23:27-74
33            </intent-filter>
34        </activity>
35
36        <provider
36-->[androidx.emoji2:emoji2:1.0.0] AndroidManifest.xml:26:9-34:20
37            android:name="androidx.startup.InitializationProvider"
37-->[androidx.emoji2:emoji2:1.0.0] AndroidManifest.xml:27:13-67
38            android:authorities="com.example.myapplication.androidx-startup"
38-->[androidx.emoji2:emoji2:1.0.0] AndroidManifest.xml:28:13-68
39            android:exported="false" >
39-->[androidx.emoji2:emoji2:1.0.0] AndroidManifest.xml:29:13-37
40            <meta-data
40-->[androidx.emoji2:emoji2:1.0.0] AndroidManifest.xml:31:13-33:52
41                android:name="androidx.emoji2.text.EmojiCompatInitializer"
41-->[androidx.emoji2:emoji2:1.0.0] AndroidManifest.xml:32:17-75
42                android:value="androidx.startup" />
42-->[androidx.emoji2:emoji2:1.0.0] AndroidManifest.xml:33:17-49
43            <meta-data
43-->[androidx.lifecycle:lifecycle-process:2.4.0] AndroidManifest.xml:31:13-33:52
44                android:name="androidx.lifecycle.ProcessLifecycleInitializer"
44-->[androidx.lifecycle:lifecycle-process:2.4.0] AndroidManifest.xml:32:17-78
45                android:value="androidx.startup" />
45-->[androidx.lifecycle:lifecycle-process:2.4.0] AndroidManifest.xml:33:17-49
46        </provider>
47
48        <uses-library
48-->[androidx.window:window:1.0.0] AndroidManifest.xml:25:9-27:40
49            android:name="androidx.window.extensions"
49-->[androidx.window:window:1.0.0] AndroidManifest.xml:26:13-54
50            android:required="false" />
50-->[androidx.window:window:1.0.0] AndroidManifest.xml:27:13-37
51        <uses-library
51-->[androidx.window:window:1.0.0] AndroidManifest.xml:28:9-30:40
52            android:name="androidx.window.sidecar"
52-->[androidx.window:window:1.0.0] AndroidManifest.xml:29:13-51
53            android:required="false" />
53-->[androidx.window:window:1.0.0] AndroidManifest.xml:30:13-37
54    </application>
55
56</manifest>